\BOOKMARK [1][-]{section.1}{Inside and about R}{}% 1
\BOOKMARK [2][-]{subsection.1.1}{Getting help}{section.1}% 2
\BOOKMARK [2][-]{subsection.1.2}{Types of data}{section.1}% 3
\BOOKMARK [2][-]{subsection.1.3}{Controlling a program}{section.1}% 4
\BOOKMARK [1][-]{section.2}{R and data}{}% 5
\BOOKMARK [2][-]{subsection.2.1}{Loading data sets}{section.2}% 6
\BOOKMARK [2][-]{subsection.2.2}{Random data}{section.2}% 7
\BOOKMARK [2][-]{subsection.2.3}{Writing output}{section.2}% 8
\BOOKMARK [1][-]{section.3}{Manipulating your data}{}% 9
\BOOKMARK [2][-]{subsection.3.1}{Creating functions}{section.3}% 10
\BOOKMARK [2][-]{subsection.3.2}{if, which, match, apply and \045in\045}{section.3}% 11
\BOOKMARK [1][-]{section.4}{Displaying your data}{}% 12
\BOOKMARK [2][-]{subsection.4.1}{Describe and Explain visual data}{section.4}% 13
\BOOKMARK [1][-]{section.5}{Libraries}{}% 14
\BOOKMARK [1][-]{section.6}{Basic Statistics}{}% 15
\BOOKMARK [1][-]{section.7}{R meets biology}{}% 16
\BOOKMARK [2][-]{subsection.7.1}{QTL analysis}{section.7}% 17
\BOOKMARK [2][-]{subsection.7.2}{Analysis of genetic maps}{section.7}% 18
\BOOKMARK [1][-]{section.8}{R and the WWW}{}% 19
\BOOKMARK [2][-]{subsection.8.1}{RCurl}{section.8}% 20
\BOOKMARK [2][-]{subsection.8.2}{Databases}{section.8}% 21
\BOOKMARK [1][-]{section.9}{R Libraries and packaging}{}% 22
\BOOKMARK [1][-]{section.10}{R cheat sheet}{}% 23
\BOOKMARK [1][-]{section.11}{Some examples}{}% 24
\BOOKMARK [2][-]{subsection.11.1}{Example of an R script:}{section.11}% 25
\BOOKMARK [2][-]{subsection.11.2}{Basic statistics example}{section.11}% 26
\BOOKMARK [2][-]{subsection.11.3}{Data reading and writing example}{section.11}% 27
\BOOKMARK [2][-]{subsection.11.4}{HTTP / RCurl example}{section.11}% 28
\BOOKMARK [2][-]{subsection.11.5}{QTL example}{section.11}% 29
\BOOKMARK [2][-]{subsection.11.6}{Logger example}{section.11}% 30
\BOOKMARK [2][-]{subsection.11.7}{Calling R from command line}{section.11}% 31
